<?xml version="1.0" encoding="UTF-8"?>
<testng-results total="1" passed="1" failed="0" skipped="0">
  <reporter-output>
  </reporter-output>
  <suite started-at="2019-11-26T06:27:51Z" name="Default suite" finished-at="2019-11-26T06:28:03Z" duration-ms="12580">
    <groups>
    </groups>
    <test started-at="2019-11-26T06:27:51Z" name="Default test" finished-at="2019-11-26T06:28:03Z" duration-ms="12580">
      <class name="com.rest.TC_007_GET_Authorization">
        <test-method signature="authorization()[pri:0, instance:com.rest.TC_007_GET_Authorization@5e5d171f]" started-at="2019-11-26T11:57:51Z" name="authorization" finished-at="2019-11-26T11:58:03Z" duration-ms="12362" status="PASS">
          <reporter-output>
          </reporter-output>
        </test-method> <!-- authorization -->
      </class> <!-- com.rest.TC_007_GET_Authorization -->
    </test> <!-- Default test -->
  </suite> <!-- Default suite -->
</testng-results>
